17381499638
35018792719
25712504428
18204010699
25058348862
21742807168
18407730953
18239381696
23751092999
23756012354
18890290807
23751776466
24647428527
35233326721
18218686581
20135718918
25440148763
18613425054
24656956490
18236089769
26230436295
18912902858
25273352419
23741188053
25713352658
26346800851
35401844815
18593562850
19650759793
18731382848
19000894502
18238997477
18985118849
20198465002
21742859891
23756392450
20198689801
23997400712
21742387140
35480819837
19037146469
26270200537
26425208005
36789920573
36777347660
20185162456
20557267440
19114477599
22111351153
35136259200
26348040726
35136198906
35137322913
27492372931
26259104330
35124645144
19115862595
21418955021
27492912322
19098594311
36816037562
21419059239
14376113199
14356690113
14386841514
15113359684
14379129490
15114727088
14377190521
14377806468
16700060227
17146619411
26811780869
14386669794
15122723611
14377105671
15114739713
16700052284
16715016411
15112439327
15277283861
16715204270
16699536764
14384742336
16050589561
21908007044
16715392433
14376542864
14379281133
14375957813
19618189368
14380161223
15112303573
16703304936
16700452709
14386961669
16715232897
16700708695
14379821739
15805207338
26913112616
19520098602
26913408504
16700140678
15112951339
15122871239
15331067207
21808059783
14379325591
14378462574
26913296389
16955356753
14375989286
21905871616
26911624706
26912816313
16715868314
24988512320
35458426554
22240155187
24990088200
15171491807
15972071484
15972051074
17326499861
16034594638
16049915359
18152076908
20080308194
17225347436
16035754830
15083685866
15080194636
17225243040
20137112793
19014387404
20218628684
17279482226
16011457625
18151684195
16012213586
17381307519
19014623254
18288887649
16075718125
16036398763
17296810080
20135104011
20154188301
16039565805
18008296461
20134692232
20133880787
20249940614
20133848465
20663899905
15022138285
15041974332
19172515189
35509685880
19172687508
16008142920
35515652587
15167838512
17381379729
20149742994
20220028447
16000339023
17387195465
15042062117
17296942892
35509537107
17404770854
15083181646
15998935920
20137424555
20135124307
18162915223
20663571178
18152068403
20133660526
18151840682
16261557855
16036622143
36641517701
17327611942
35677292297
18693439174
15569958758
17325923600
20218796554
16036798799
35509515918
20474108955
22291268987
36637242596
17327547655
36092284750
17381499638
