pageStart
loadJs end
评价: 15348
15348
thumb:http://img01.taobaocdn.com/bao/uploaded/i4/T1XNQjFmBdXXXXXXXX_!!0-item_pic.jpg_180x180.jpg
评价: 1186
1186
thumb:http://img01.taobaocdn.com/bao/uploaded/i4/T1juxuFlBgXXXXXXXX_!!0-item_pic.jpg_180x180.jpg
评价: 1535
1535
thumb:http://img01.taobaocdn.com/bao/uploaded/i3/T13w74Fa4aXXXXXXXX_!!0-item_pic.jpg_180x180.jpg
评价: 1841
1841
thumb:http://img01.taobaocdn.com/bao/uploaded/i4/T18NH_FjVdXXXXXXXX_!!0-item_pic.jpg_180x180.jpg
评价: 757
757
thumb:http://img01.taobaocdn.com/bao/uploaded/i2/T1DQJrFldeXXXXXXXX_!!0-item_pic.jpg_180x180.jpg
评价: 1074
1074
thumb:http://img01.taobaocdn.com/bao/uploaded/i2/T1EQzTFoxcXXXXXXXX_!!0-item_pic.jpg_180x180.jpg
评价: 710
710
thumb:http://img01.taobaocdn.com/bao/uploaded/i2/T1hixdFyBdXXXXXXXX_!!0-item_pic.jpg_180x180.jpg
评价: 412
412
thumb:http://img01.taobaocdn.com/bao/uploaded/i1/T1yoRrFbRdXXXXXXXX_!!0-item_pic.jpg_180x180.jpg
评价: 930
930
thumb:http://img01.taobaocdn.com/bao/uploaded/i1/19550030215354401/T10h_4FexfXXXXXXXX_!!0-item_pic.jpg_180x180.jpg
评价: 722
722
thumb:http://img01.taobaocdn.com/bao/uploaded/i1/T10PltFglaXXXXXXXX_!!0-item_pic.jpg_180x180.jpg
评价: 133
133
thumb:http://img01.taobaocdn.com/bao/uploaded/i2/T1UQXbFh4hXXXXXXXX_!!0-item_pic.jpg_180x180.jpg
评价: 427
427
thumb:http://img01.taobaocdn.com/bao/uploaded/i1/T1RTANFaXcXXXXXXXX_!!0-item_pic.jpg_180x180.jpg
评价: 339
339
thumb:http://img01.taobaocdn.com/bao/uploaded/i3/T1Pz4tFotXXXXXXXXX_!!0-item_pic.jpg_180x180.jpg
评价: 12
12
thumb:http://img01.taobaocdn.com/bao/uploaded/i4/T1LdcEFbBeXXXXXXXX_!!0-item_pic.jpg_180x180.jpg
评价: 352
352
thumb:http://img01.taobaocdn.com/bao/uploaded/i3/T1PYxsFepeXXXXXXXX_!!0-item_pic.jpg_180x180.jpg
评价: 92
92
thumb:http://img01.taobaocdn.com/bao/uploaded/i4/T1KaluFkxXXXXXXXXX_!!0-item_pic.jpg_180x180.jpg
评价: 243
243
thumb:http://img01.taobaocdn.com/bao/uploaded/i4/T1qJpuFoBXXXXXXXXX_!!0-item_pic.jpg_180x180.jpg
评价: 94
94
thumb:http://img01.taobaocdn.com/bao/uploaded/i4/T13T6tXkBXXXXtb2Z._112246.jpg_180x180.jpg
评价: 78
78
thumb:http://img01.taobaocdn.com/bao/uploaded/i1/T1lZhuFoJXXXXXXXXX_!!0-item_pic.jpg_180x180.jpg
评价: 503
503
thumb:http://img01.taobaocdn.com/bao/uploaded/i1/19550026886653355/T1nw5pFmNcXXXXXXXX_!!0-item_pic.jpg_180x180.jpg
评价: 171
171
thumb:http://img01.taobaocdn.com/bao/uploaded/i4/T1nzBfFk8hXXXXXXXX_!!0-item_pic.jpg_180x180.jpg
评价: 431
431
thumb:http://img01.taobaocdn.com/bao/uploaded/i1/T1kJuwFnhgXXXXXXXX_!!0-item_pic.jpg_180x180.jpg
评价: 33
33
thumb:http://img01.taobaocdn.com/bao/uploaded/i3/T1bU2AXfNkXXa1Zz6b_094606.jpg_180x180.jpg
评价: 274
274
thumb:http://img01.taobaocdn.com/bao/uploaded/i2/T1MslfFglhXXXXXXXX_!!0-item_pic.jpg_180x180.jpg
评价: 1018
1018
thumb:http://img01.taobaocdn.com/bao/uploaded/i2/T1payKXkVnXXXXXXXX_!!0-item_pic.jpg_180x180.jpg
评价: 19
19
thumb:http://img01.taobaocdn.com/bao/uploaded/i4/T1tHmeXidrXXbMCN2b_124332.jpg_180x180.jpg
评价: 76
76
thumb:http://img01.taobaocdn.com/bao/uploaded/i1/T1FHlsFjxdXXXXXXXX_!!0-item_pic.jpg_180x180.jpg
评价: 45
45
thumb:http://img01.taobaocdn.com/bao/uploaded/i3/19550030548218529/T1GIxsFo0XXXXXXXXX_!!0-item_pic.jpg_180x180.jpg
评价: 28
28
thumb:http://img01.taobaocdn.com/bao/uploaded/i4/T14X8tFmxbXXXXXXXX_!!0-item_pic.jpg_180x180.jpg
评价: 41
41
thumb:http://img01.taobaocdn.com/bao/uploaded/i2/T1NXAfXhhiXXazQlc._113230.jpg_180x180.jpg
评价: 16
16
thumb:http://img01.taobaocdn.com/bao/uploaded/i1/T1BH1MXhJjXXaOHdAZ_031715.jpg_180x180.jpg
评价: 966
966
thumb:http://img01.taobaocdn.com/bao/uploaded/i4/19550030533817601/T1fPRaFA4dXXXXXXXX_!!0-item_pic.jpg_180x180.jpg
评价: 402
402
thumb:http://img01.taobaocdn.com/bao/uploaded/i4/19550027643643372/T1MCyHFjXXXXXXXXXX_!!0-item_pic.jpg_180x180.jpg
评价: 12
12
thumb:http://img01.taobaocdn.com/bao/uploaded/i2/19550030954473786/T1lS8sFXxcXXXXXXXX_!!0-item_pic.jpg_180x180.jpg
评价: 68
68
thumb:http://img01.taobaocdn.com/bao/uploaded/i1/T1Yc4uFXpaXXXXXXXX_!!0-item_pic.jpg_180x180.jpg
评价: 0
0
thumb:http://img01.taobaocdn.com/bao/uploaded/i2/T1jQpWFC8XXXXXXXXX_!!0-item_pic.jpg_180x180.jpg
评价: 1
1
thumb:http://img01.taobaocdn.com/bao/uploaded/i4/T15uICFoXdXXXXXXXX_!!0-item_pic.jpg_180x180.jpg
评价: 233
233
thumb:http://img01.taobaocdn.com/bao/uploaded/i4/T11FPaFlpbXXXXXXXX_!!0-item_pic.jpg_180x180.jpg
评价: 3
3
thumb:http://img01.taobaocdn.com/bao/uploaded/i4/19550031437603282/T1AzduFX0XXXXXXXXX_!!0-item_pic.jpg_180x180.jpg
评价: 4
4
thumb:http://img01.taobaocdn.com/bao/uploaded/i3/19550027385957934/T1uFavFeBgXXXXXXXX_!!0-item_pic.jpg_180x180.jpg
pageStart
loadJs end
评价: 9
9
thumb:http://img01.taobaocdn.com/bao/uploaded/i2/19550030996061674/T1iU4rFfxdXXXXXXXX_!!0-item_pic.jpg_180x180.jpg
评价: 1
1
thumb:http://img01.taobaocdn.com/bao/uploaded/i4/T1XNbGXhhpXXbclw3T_012048.jpg_180x180.jpg
评价: 3
3
thumb:http://img01.taobaocdn.com/bao/uploaded/i4/19550026892600892/T11F5vFcpbXXXXXXXX_!!0-item_pic.jpg_180x180.jpg
评价: 7
7
thumb:http://img01.taobaocdn.com/bao/uploaded/i2/T1ViptFapaXXXXXXXX_!!0-item_pic.jpg_180x180.jpg
评价: 12
12
thumb:http://img01.taobaocdn.com/bao/uploaded/i3/19550027227091151/T1vHWuFh8eXXXXXXXX_!!0-item_pic.jpg_180x180.jpg
评价: 0
0
thumb:http://img01.taobaocdn.com/bao/uploaded/i2/19550031138938228/T1Oqv7FoJXXXXXXXXX_!!0-item_pic.jpg_180x180.jpg
评价: 15
15
thumb:http://img01.taobaocdn.com/bao/uploaded/i4/19550031413211932/T1Rx22Ff8dXXXXXXXX_!!0-item_pic.jpg_180x180.jpg
评价: 0
0
thumb:http://img01.taobaocdn.com/bao/uploaded/i4/T1nfKpXkJ2XXXbOrIW_022606.jpg_180x180.jpg
评价: 7
7
thumb:http://img01.taobaocdn.com/bao/uploaded/i2/T17RVtFlhaXXXXXXXX_!!0-item_pic.jpg_180x180.jpg
评价: 0
0
thumb:http://img01.taobaocdn.com/bao/uploaded/i4/19550033114191733/T1MfHZFXlaXXXXXXXX_!!0-item_pic.jpg_180x180.jpg
评价: 9
9
thumb:http://img01.taobaocdn.com/bao/uploaded/i2/19550042894660325/T1payKXkVnXXXXXXXX_!!0-item_pic.jpg_180x180.jpg
评价: 0
0
thumb:http://img01.taobaocdn.com/bao/uploaded/i2/T16HYOFbtdXXXXXXXX_!!0-item_pic.jpg_180x180.jpg
评价: 0
0
thumb:http://img01.taobaocdn.com/bao/uploaded/i4/19550031139338063/T1i663FXdaXXXXXXXX_!!0-item_pic.jpg_180x180.jpg
评价: 0
0
thumb:http://img01.taobaocdn.com/bao/uploaded/i1/T1q66tFapdXXXXXXXX_!!0-item_pic.jpg_180x180.jpg
评价: 0
0
thumb:http://img01.taobaocdn.com/bao/uploaded/i1/T1PwO6Xn8kXXXcFCM3_051230.jpg_180x180.jpg
评价: 0
0
thumb:http://img01.taobaocdn.com/bao/uploaded/i2/19550025899375533/T15eq0XsleXXXXXXXX_!!0-item_pic.jpg_180x180.jpg
评价: 0
0
thumb:http://img01.taobaocdn.com/bao/uploaded/i1/T1QEDgFltXXXXXXXXX_!!0-item_pic.jpg_180x180.jpg
评价: 0
0
thumb:http://img01.taobaocdn.com/bao/uploaded/i2/19550031471866784/T1WlIXFgxcXXXXXXXX_!!0-item_pic.jpg_180x180.jpg
评价: 0
0
thumb:http://img01.taobaocdn.com/bao/uploaded/i2/19550031466690665/T1iikaFntbXXXXXXXX_!!0-item_pic.jpg_180x180.jpg
评价: 0
0
thumb:http://img01.taobaocdn.com/bao/uploaded/i3/T1DAFQFkBhXXXXXXXX_!!0-item_pic.jpg_180x180.jpg
评价: 0
0
thumb:http://img01.taobaocdn.com/bao/uploaded/i1/19550026562834081/T1VU5mFnFbXXXXXXXX_!!0-item_pic.jpg_180x180.jpg
评价: 0
0
thumb:http://img01.taobaocdn.com/bao/uploaded/i4/19550026555108916/T1s59mFiXbXXXXXXXX_!!0-item_pic.jpg_180x180.jpg
评价: 0
0
thumb:http://img01.taobaocdn.com/bao/uploaded/i3/19550038891472474/T1B3GmFc0bXXXXXXXX_!!0-item_pic.jpg_180x180.jpg
评价: 0
0
thumb:http://img01.taobaocdn.com/bao/uploaded/i2/19550026554980731/T15_h8FgJhXXXXXXXX_!!0-item_pic.jpg_180x180.jpg
评价: 0
0
thumb:http://img01.taobaocdn.com/bao/uploaded/i4/19550028496935657/T1MNp_FdpgXXXXXXXX_!!0-item_pic.jpg_180x180.jpg
评价: 0
0
thumb:http://img01.taobaocdn.com/bao/uploaded/i3/19550026554952633/T1xtimFi0aXXXXXXXX_!!0-item_pic.jpg_180x180.jpg
评价: 120
120
thumb:http://img01.taobaocdn.com/bao/uploaded/i2/T1huXsFcRcXXXXXXXX_!!0-item_pic.jpg_180x180.jpg
pageStart
loadJs end
