start item :26911624706
pageStart
loadJs end
0
wait for contfunction () {
				 	 			return $('#J_TabBar li:eq(2) a').html() != undefined && $('#description>div.content').html().trim()!='描述加载中';		
				 	 		}
0
wait for contfunction () {return $('#J_showBuyerList tr').length > 0;}
0
wait for contfunction () {return $('#J_showBuyerList tr').length > 0;}
start page :0
2014-01-08 16:18:13
current: 1389169093
start_time: 1390488848
start item :26911624706
pageStart
loadJs end
0
wait for contfunction () {
				 	 			return $('#J_TabBar li:eq(2) a').html() != undefined && $('#description>div.content').html().trim()!='描述加载中';		
				 	 		}
0
wait for contfunction () {return $('#J_showBuyerList tr').length > 0;}
0
wait for contfunction () {return $('#J_showBuyerList tr').length > 0;}
start page :0
2014-01-08 16:18:13
current: 1389169093
start_time: 1390488848
start item :26911624706
pageStart
loadJs end
0
wait for contfunction () {
				 	 			return $('#J_TabBar li:eq(2) a').html() != undefined && $('#description>div.content').html().trim()!='描述加载中';		
				 	 		}
0
wait for contfunction () {return $('#J_showBuyerList tr').length > 0;}
0
wait for contfunction () {return $('#J_showBuyerList tr').length > 0;}
start page :0
2014-01-08 16:18:13
current: 1389169093
start_time: 1390488848
start item :26911624706
pageStart
loadJs end
0
wait for contfunction () {
				 	 			return $('#J_TabBar li:eq(2) a').html() != undefined && $('#description>div.content').html().trim()!='描述加载中';		
				 	 		}
0
wait for contfunction () {return $('#J_showBuyerList tr').length > 0;}
0
wait for contfunction () {return $('#J_showBuyerList tr').length > 0;}
start page :0
2014-01-08 16:18:13
current: 1389169093
start_time: 1390488848
start item :26911624706
pageStart
loadJs end
0
wait for contfunction () {
				 	 			return $('#J_TabBar li:eq(2) a').html() != undefined && $('#description>div.content').html().trim()!='描述加载中';		
				 	 		}
0
wait for contfunction () {return $('#J_showBuyerList tr').length > 0;}
0
wait for contfunction () {return $('#J_showBuyerList tr').length > 0;}
start page :0
2014-01-08 16:18:13
current: 1389169093
start_time: 1390488848
start item :26911624706
pageStart
loadJs end
0
wait for contfunction () {
				 	 			return $('#J_TabBar li:eq(2) a').html() != undefined && $('#description>div.content').html().trim()!='描述加载中';		
				 	 		}
0
wait for contfunction () {return $('#J_showBuyerList tr').length > 0;}
0
wait for contfunction () {return $('#J_showBuyerList tr').length > 0;}
start page :0
2014-01-08 16:18:13
current: 1389169093
start_time: 1290488848
2014-01-02 11:27:22
current: 1388633242
start_time: 1290488848
2013-12-26 16:56:02
current: 1388048162
start_time: 1290488848
start item :26911624706
pageStart
loadJs end
0
wait for contfunction () {
				 	 			return $('#J_TabBar li:eq(2) a').html() != undefined && $('#description>div.content').html().trim()!='描述加载中';		
				 	 		}
0
wait for contfunction () {return $('#J_showBuyerList tr').length > 0;}
0
wait for contfunction () {return $('#J_showBuyerList tr').length > 0;}
start page :0
2014-01-08 16:18:13
current: 1389169093
start_time: 1290488848
2014-01-02 11:27:22
current: 1388633242
start_time: 1290488848
2013-12-26 16:56:02
current: 1388048162
start_time: 1290488848
start item :26911624706
pageStart
loadJs end
0
wait for contfunction () {
				 	 			return $('#J_TabBar li:eq(2) a').html() != undefined && $('#description>div.content').html().trim()!='描述加载中';		
				 	 		}
0
wait for contfunction () {return $('#J_showBuyerList tr').length > 0;}
0
wait for contfunction () {return $('#J_showBuyerList tr').length > 0;}
start page :0
2014-01-08 16:18:13
current: 1389169093
start_time: 1290488848
2014-01-02 11:27:22
current: 1388633242
start_time: 1290488848
2013-12-26 16:56:02
current: 1388048162
start_time: 1290488848
start item :26911624706
pageStart
loadJs end
0
wait for contfunction () {
				 	 			return $('#J_TabBar li:eq(2) a').html() != undefined && $('#description>div.content').html().trim()!='描述加载中';		
				 	 		}
0
wait for contfunction () {return $('#J_showBuyerList tr').length > 0;}
0
wait for contfunction () {return $('#J_showBuyerList tr').length > 0;}
start page :0
2014-01-08 16:18:13
current: 1389169093
start_time: 1390488848
