pageStart
loadJs end
pageStart
loadJs end
54
54
7
7
6
6
0
0
1
1
0
0
pageStart
loadJs end
pageStart
loadJs end
评价: 1139
1139
评价: 1277
1277
评价: 716
716
评价: 820
820
评价: 148
148
评价: 59
59
评价: 94
94
评价: 168
168
评价: 283
283
评价: 37
37
评价: 87
87
评价: 26
26
评价: 87
87
评价: 76
76
评价: 142
142
评价: 77
77
评价: 176
176
评价: 77
77
评价: 25
25
评价: 77
77
评价: 17
17
评价: 13
13
评价: 5
5
评价: 30
30
评价: 59
59
评价: 47
47
评价: 35
35
评价: 84
84
评价: 29
29
评价: 22
22
评价: 32
32
评价: 5
5
评价: 18
18
评价: 10
10
评价: 20
20
评价: 16
16
评价: 23
23
评价: 1
1
评价: 1
1
评价: 0
0
评价: 1
1
评价: 5
5
评价: 0
0
评价: 1
1
评价: 8
8
评价: 1
1
评价: 0
0
评价: 0
0
评价: 3
3
评价: 0
0
评价: 4
4
评价: 14
14
评价: 0
0
评价: 0
0
评价: 5
5
评价: 0
0
评价: 0
0
评价: 0
0
评价: 9
9
评价: 2
2
pageStart
loadJs end
评价: 0
0
pageStart
loadJs end
pageStart
loadJs end
undefined
undefined
undefined
undefined
undefined
undefined
undefined
undefined
undefined
undefined
undefined
undefined
undefined
undefined
undefined
undefined
undefined
undefined
undefined
undefined
undefined
undefined
undefined
undefined
undefined
undefined
undefined
undefined
undefined
undefined
undefined
undefined
undefined
undefined
undefined
undefined
undefined
undefined
undefined
undefined
undefined
undefined
undefined
undefined
undefined
undefined
undefined
undefined
undefined
undefined
undefined
undefined
undefined
undefined
undefined
undefined
undefined
undefined
undefined
undefined
undefined
undefined
undefined
undefined
undefined
undefined
undefined
undefined
undefined
undefined
undefined
undefined
undefined
undefined
undefined
undefined
undefined
undefined
undefined
undefined
undefined
undefined
undefined
undefined
undefined
undefined
undefined
undefined
undefined
undefined
undefined
undefined
undefined
undefined
undefined
undefined
undefined
undefined
undefined
undefined
undefined
undefined
undefined
undefined
undefined
undefined
undefined
undefined
undefined
undefined
undefined
undefined
undefined
undefined
undefined
undefined
undefined
undefined
undefined
undefined
pageStart
loadJs end
pageStart
loadJs end
评价: 1164
1164
评价: 772
772
评价: 599
599
评价: 1135
1135
评价: 600
600
评价: 458
458
评价: 429
429
评价: 506
506
评价: 246
246
评价: 362
362
评价: 104
104
评价: 177
177
评价: 200
200
评价: 83
83
评价: 98
98
评价: 71
71
评价: 114
114
评价: 53
53
评价: 119
119
评价: 153
153
评价: 65
65
评价: 82
82
评价: 74
74
评价: 165
165
评价: 64
64
评价: 46
46
评价: 127
127
评价: 42
42
评价: 127
127
评价: 45
45
评价: 118
118
评价: 48
48
评价: 31
31
评价: 77
77
评价: 48
48
评价: 52
52
评价: 50
50
评价: 67
67
评价: 17
17
评价: 33
33
评价: 51
51
评价: 28
28
评价: 39
39
评价: 42
42
评价: 4
4
评价: 55
55
评价: 4
4
评价: 66
66
评价: 18
18
评价: 59
59
评价: 8
8
评价: 19
19
评价: 21
21
评价: 24
24
评价: 18
18
评价: 33
33
评价: 20
20
评价: 22
22
评价: 25
25
评价: 0
0
pageStart
loadJs end
评价: 1
1
评价: 1
1
评价: 1
1
评价: 8
8
评价: 4
4
评价: 0
0
评价: 4
4
评价: 16
16
评价: 0
0
评价: 10
10
评价: 2
2
评价: 6
6
评价: 2
2
评价: 1
1
评价: 0
0
评价: 1
1
评价: 13
13
pageStart
loadJs end
pageStart
loadJs end
评价: 18259
18259
评价: 6280
6280
评价: 5730
5730
评价: 23382
23382
评价: 4235
4235
评价: 907
907
评价: 1229
1229
评价: 1431
1431
评价: 1722
1722
评价: 1551
1551
评价: 1934
1934
评价: 1237
1237
评价: 523
523
评价: 1745
1745
评价: 1237
1237
评价: 453
453
评价: 854
854
评价: 790
790
评价: 405
405
评价: 264
264
评价: 321
321
评价: 646
646
评价: 280
280
评价: 0
0
评价: 1
1
评价: 341
341
评价: 2
2
评价: 1038
1038
评价: 396
396
评价: 275
275
评价: 200
200
评价: 261
261
评价: 511
511
评价: 1147
1147
评价: 482
482
评价: 89
89
评价: 148
148
评价: 294
294
评价: 123
123
评价: 98
98
pageStart
loadJs end
pageStart
loadJs end
评价: 0
0
评价: 1891
1891
评价: 0
0
评价: 224
224
评价: 7
7
评价: 1
1
评价: 23
23
评价: 15
15
评价: 10
10
评价: 180
180
评价: 102
102
评价: 32
32
评价: 2
2
评价: 5
5
评价: 9
9
评价: 17
17
评价: 61
61
评价: 61
61
评价: 23
23
评价: 38
38
评价: 6
6
评价: 114
114
评价: 122
122
评价: 17
17
评价: 2
2
评价: 3
3
评价: 2
2
评价: 0
0
评价: 39
39
评价: 20
20
评价: 11
11
评价: 12
12
评价: 15
15
评价: 222
222
评价: 74
74
评价: 133
133
评价: 43
43
评价: 11
11
评价: 10
10
评价: 16
16
评价: 24
24
评价: 12
12
评价: 8
8
评价: 9
9
评价: 9
9
评价: 4
4
评价: 28
28
评价: 1
1
评价: 21
21
评价: 60
60
评价: 10
10
评价: 249
249
评价: 1
1
评价: 3
3
评价: 0
0
评价: 3
3
评价: 6
6
评价: 72
72
评价: 19
19
评价: 10
10
pageStart
loadJs end
评价: 1
1
评价: 63
63
评价: 18
18
评价: 8
8
评价: 5
5
评价: 3
3
评价: 16
16
评价: 17
17
评价: 6
6
评价: 19
19
评价: 10
10
评价: 11
11
评价: 12
12
评价: 8
8
评价: 5
5
评价: 13
13
评价: 39
39
评价: 19
19
评价: 20
20
评价: 6
6
评价: 8
8
评价: 6
6
评价: 6
6
评价: 3
3
评价: 4
4
评价: 9
9
评价: 19
19
评价: 7
7
评价: 49
49
评价: 13
13
评价: 11
11
评价: 7
7
评价: 44
44
评价: 9
9
评价: 4
4
评价: 25
25
评价: 2
2
评价: 5
5
评价: 0
0
评价: 0
0
评价: 0
0
评价: 0
0
pageStart
loadJs end
pageStart
loadJs end
54
54
7
7
6
6
0
0
1
1
0
0
pageStart
loadJs end
pageStart
loadJs end
评价: 1148
1148
评价: 1279
1279
评价: 717
717
评价: 819
819
评价: 95
95
评价: 144
144
评价: 59
59
评价: 168
168
评价: 279
279
评价: 26
26
评价: 88
88
评价: 37
37
评价: 87
87
评价: 76
76
评价: 142
142
评价: 77
77
评价: 77
77
评价: 59
59
评价: 25
25
评价: 77
77
评价: 175
175
评价: 13
13
评价: 30
30
评价: 5
5
评价: 18
18
评价: 47
47
评价: 35
35
评价: 84
84
评价: 30
30
评价: 18
18
评价: 5
5
评价: 22
22
评价: 32
32
评价: 10
10
评价: 20
20
评价: 23
23
评价: 1
1
评价: 17
17
评价: 0
0
评价: 5
5
评价: 1
1
评价: 1
1
评价: 0
0
评价: 1
1
评价: 1
1
评价: 4
4
评价: 8
8
评价: 0
0
评价: 0
0
评价: 0
0
评价: 0
0
评价: 3
3
评价: 14
14
评价: 0
0
评价: 5
5
评价: 0
0
评价: 9
9
评价: 0
0
评价: 0
0
评价: 2
2
pageStart
loadJs end
评价: 0
0
pageStart
loadJs end
pageStart
loadJs end
undefined
undefined
undefined
undefined
undefined
undefined
undefined
undefined
undefined
undefined
undefined
undefined
undefined
undefined
undefined
undefined
undefined
undefined
undefined
undefined
undefined
undefined
undefined
undefined
undefined
undefined
undefined
undefined
undefined
undefined
undefined
undefined
undefined
undefined
undefined
undefined
undefined
undefined
undefined
undefined
undefined
undefined
undefined
undefined
undefined
undefined
undefined
undefined
undefined
undefined
undefined
undefined
undefined
undefined
undefined
undefined
undefined
undefined
undefined
undefined
undefined
undefined
undefined
undefined
undefined
undefined
undefined
undefined
undefined
undefined
undefined
undefined
undefined
undefined
undefined
undefined
undefined
undefined
undefined
undefined
undefined
undefined
undefined
undefined
undefined
undefined
undefined
undefined
undefined
undefined
undefined
undefined
undefined
undefined
undefined
undefined
undefined
undefined
undefined
undefined
undefined
undefined
undefined
undefined
undefined
undefined
undefined
undefined
undefined
undefined
undefined
undefined
undefined
undefined
undefined
undefined
undefined
undefined
undefined
undefined
pageStart
loadJs end
pageStart
loadJs end
评价: 1158
1158
评价: 769
769
评价: 604
604
评价: 1136
1136
评价: 594
594
评价: 455
455
评价: 430
430
评价: 507
507
评价: 362
362
评价: 246
246
评价: 104
104
评价: 177
177
评价: 83
83
评价: 98
98
评价: 71
71
评价: 200
200
评价: 65
65
评价: 42
42
评价: 54
54
评价: 153
153
评价: 127
127
评价: 114
114
评价: 119
119
评价: 47
47
评价: 166
166
评价: 82
82
评价: 74
74
评价: 127
127
评价: 64
64
评价: 46
46
评价: 48
48
评价: 77
77
评价: 31
31
评价: 52
52
评价: 118
118
评价: 48
48
评价: 50
50
评价: 51
51
评价: 65
65
评价: 33
33
评价: 17
17
评价: 18
18
评价: 4
4
评价: 28
28
评价: 42
42
评价: 39
39
评价: 4
4
评价: 59
59
评价: 55
55
评价: 22
22
评价: 66
66
评价: 18
18
评价: 19
19
评价: 24
24
评价: 0
0
评价: 25
25
评价: 33
33
评价: 8
8
评价: 20
20
评价: 21
21
pageStart
loadJs end
评价: 1
1
评价: 1
1
评价: 4
4
评价: 0
0
评价: 8
8
评价: 1
1
评价: 4
4
评价: 0
0
评价: 10
10
评价: 0
0
评价: 2
2
评价: 2
2
评价: 1
1
评价: 6
6
评价: 13
13
评价: 1
1
评价: 16
16
pageStart
loadJs end
pageStart
loadJs end
评价: 18304
18304
评价: 4242
4242
评价: 23263
23263
评价: 1559
1559
评价: 5740
5740
评价: 1930
1930
评价: 6278
6278
评价: 1434
1434
评价: 406
406
评价: 1231
1231
评价: 5
5
评价: 634
634
评价: 915
915
评价: 1225
1225
评价: 1720
1720
评价: 1227
1227
评价: 1745
1745
评价: 1038
1038
评价: 321
321
评价: 523
523
评价: 341
341
评价: 200
200
评价: 505
505
评价: 275
275
评价: 1147
1147
评价: 261
261
评价: 454
454
评价: 482
482
评价: 396
396
评价: 854
854
评价: 265
265
评价: 123
123
评价: 0
0
评价: 98
98
评价: 294
294
评价: 148
148
评价: 790
790
评价: 89
89
评价: 279
279
评价: 1
1
pageStart
loadJs end
pageStart
loadJs end
评价: 1916
1916
评价: 223
223
评价: 252
252
评价: 183
183
评价: 133
133
评价: 223
223
评价: 102
102
评价: 61
61
评价: 114
114
评价: 122
122
评价: 61
61
评价: 61
61
评价: 17
17
评价: 39
39
评价: 43
43
评价: 39
39
评价: 74
74
评价: 0
0
评价: 49
49
评价: 2
2
评价: 29
29
评价: 32
32
评价: 19
19
评价: 3
3
评价: 17
17
评价: 17
17
评价: 22
22
评价: 13
13
评价: 19
19
评价: 12
12
评价: 72
72
评价: 10
10
评价: 16
16
评价: 7
7
评价: 9
9
评价: 2
2
评价: 3
3
评价: 12
12
评价: 15
15
评价: 9
9
评价: 20
20
评价: 11
11
评价: 1
1
评价: 9
9
评价: 25
25
评价: 5
5
评价: 16
16
评价: 39
39
评价: 4
4
评价: 10
10
评价: 19
19
评价: 13
13
评价: 21
21
评价: 9
9
评价: 6
6
评价: 1
1
评价: 44
44
评价: 3
3
评价: 9
9
评价: 6
6
pageStart
loadJs end
评价: 11
11
评价: 3
3
评价: 19
19
评价: 5
5
评价: 0
0
评价: 0
0
评价: 6
6
评价: 19
19
评价: 11
11
评价: 6
6
评价: 11
11
评价: 23
23
评价: 2
2
评价: 9
9
评价: 1
1
评价: 5
5
评价: 15
15
评价: 1
1
评价: 24
24
评价: 10
10
评价: 10
10
评价: 7
7
评价: 6
6
评价: 8
8
评价: 63
63
评价: 2
2
评价: 0
0
评价: 20
20
评价: 12
12
评价: 5
5
评价: 0
0
评价: 0
0
评价: 4
4
评价: 8
8
评价: 3
3
评价: 6
6
评价: 10
10
评价: 4
4
评价: 8
8
评价: 0
0
评价: 7
7
评价: 0
0
pageStart
loadJs end
pageStart
loadJs end
61
61
8
8
7
7
0
0
2
2
0
0
pageStart
loadJs end
pageStart
loadJs end
评价: 1148
1148
评价: 1279
1279
评价: 717
717
评价: 819
819
评价: 95
95
评价: 144
144
评价: 59
59
评价: 168
168
评价: 279
279
评价: 26
26
评价: 88
88
评价: 37
37
评价: 87
87
评价: 76
76
评价: 142
142
评价: 77
77
评价: 77
77
评价: 59
59
评价: 25
25
评价: 77
77
评价: 175
175
评价: 13
13
评价: 30
30
评价: 5
5
评价: 18
18
评价: 47
47
评价: 35
35
评价: 84
84
评价: 30
30
评价: 18
18
评价: 5
5
评价: 22
22
评价: 32
32
评价: 10
10
评价: 20
20
评价: 23
23
评价: 1
1
评价: 17
17
评价: 0
0
评价: 5
5
评价: 1
1
评价: 1
1
评价: 0
0
评价: 1
1
评价: 1
1
评价: 4
4
评价: 8
8
评价: 0
0
评价: 0
0
评价: 0
0
评价: 0
0
评价: 3
3
评价: 14
14
评价: 0
0
评价: 5
5
评价: 0
0
评价: 9
9
评价: 0
0
评价: 0
0
评价: 2
2
pageStart
loadJs end
评价: 0
0
pageStart
loadJs end
pageStart
loadJs end
undefined
undefined
undefined
undefined
undefined
undefined
undefined
undefined
undefined
undefined
undefined
undefined
undefined
undefined
undefined
undefined
undefined
undefined
undefined
undefined
undefined
undefined
undefined
undefined
undefined
undefined
undefined
undefined
undefined
undefined
undefined
undefined
undefined
undefined
undefined
undefined
undefined
undefined
undefined
undefined
undefined
undefined
undefined
undefined
undefined
undefined
undefined
undefined
undefined
undefined
undefined
undefined
undefined
undefined
undefined
undefined
undefined
undefined
undefined
undefined
undefined
undefined
undefined
undefined
undefined
undefined
undefined
undefined
undefined
undefined
undefined
undefined
undefined
undefined
undefined
undefined
undefined
undefined
undefined
undefined
undefined
undefined
undefined
undefined
undefined
undefined
undefined
undefined
undefined
undefined
undefined
undefined
undefined
undefined
undefined
undefined
undefined
undefined
undefined
undefined
undefined
undefined
undefined
undefined
undefined
undefined
undefined
undefined
undefined
undefined
undefined
undefined
undefined
undefined
undefined
undefined
undefined
undefined
undefined
undefined
pageStart
loadJs end
undefined
undefined
pageStart
loadJs end
pageStart
loadJs end
评价: 1158
1158
评价: 769
769
评价: 604
604
评价: 1136
1136
评价: 594
594
评价: 455
455
评价: 430
430
评价: 507
507
评价: 362
362
评价: 246
246
评价: 104
104
评价: 177
177
评价: 83
83
评价: 98
98
评价: 71
71
评价: 200
200
评价: 65
65
评价: 42
42
评价: 54
54
评价: 153
153
评价: 127
127
评价: 114
114
评价: 119
119
评价: 47
47
评价: 166
166
评价: 82
82
评价: 74
74
评价: 127
127
评价: 64
64
评价: 46
46
评价: 48
48
评价: 77
77
评价: 31
31
评价: 52
52
评价: 118
118
评价: 48
48
评价: 50
50
评价: 51
51
评价: 65
65
评价: 33
33
评价: 17
17
评价: 18
18
评价: 4
4
评价: 28
28
评价: 42
42
评价: 39
39
评价: 4
4
评价: 59
59
评价: 55
55
评价: 22
22
评价: 66
66
评价: 18
18
评价: 19
19
评价: 24
24
评价: 0
0
评价: 25
25
评价: 33
33
评价: 8
8
评价: 20
20
评价: 21
21
pageStart
loadJs end
评价: 1
1
评价: 1
1
评价: 4
4
评价: 0
0
评价: 8
8
评价: 1
1
评价: 4
4
评价: 0
0
评价: 10
10
评价: 0
0
评价: 2
2
评价: 2
2
评价: 1
1
评价: 6
6
评价: 13
13
评价: 1
1
评价: 16
16
pageStart
loadJs end
pageStart
loadJs end
评价: 18304
18304
评价: 6278
6278
评价: 5740
5740
评价: 4242
4242
评价: 23263
23263
评价: 915
915
评价: 1434
1434
评价: 1227
1227
评价: 1720
1720
评价: 1930
1930
评价: 1225
1225
评价: 1559
1559
评价: 523
523
评价: 406
406
评价: 1745
1745
评价: 1231
1231
评价: 790
790
评价: 854
854
评价: 454
454
评价: 265
265
评价: 321
321
评价: 1038
1038
评价: 634
634
评价: 0
0
评价: 279
279
评价: 505
505
评价: 1147
1147
评价: 482
482
评价: 396
396
评价: 261
261
评价: 275
275
评价: 148
148
评价: 123
123
评价: 200
200
评价: 89
89
评价: 341
341
评价: 98
98
评价: 294
294
pageStart
loadJs end
pageStart
loadJs end
评价: 1916
1916
评价: 0
0
评价: 0
0
评价: 0
0
评价: 0
0
评价: 0
0
评价: 1
1
评价: 23
23
评价: 15
15
评价: 10
10
评价: 17
17
评价: 183
183
评价: 133
133
评价: 17
17
评价: 5
5
评价: 252
252
评价: 102
102
评价: 12
12
评价: 2
2
评价: 2
2
评价: 3
3
评价: 2
2
评价: 0
0
评价: 20
20
评价: 11
11
评价: 12
12
评价: 9
9
评价: 15
15
评价: 122
122
评价: 39
39
评价: 74
74
评价: 223
223
评价: 43
43
评价: 39
39
评价: 61
61
评价: 11
11
评价: 22
22
评价: 10
10
评价: 16
16
评价: 24
24
评价: 12
12
评价: 8
8
评价: 9
9
评价: 9
9
评价: 17
17
评价: 4
4
评价: 21
21
评价: 29
29
评价: 1
1
评价: 223
223
评价: 19
19
评价: 10
10
评价: 0
0
评价: 1
1
评价: 3
3
评价: 3
3
评价: 114
114
评价: 6
6
评价: 3
3
评价: 7
7
pageStart
loadJs end
评价: 1
1
评价: 63
63
评价: 10
10
评价: 9
9
评价: 5
5
评价: 13
13
评价: 19
19
评价: 61
61
评价: 32
32
评价: 16
16
评价: 61
61
评价: 6
6
评价: 19
19
评价: 11
11
评价: 10
10
评价: 13
13
评价: 5
5
评价: 20
20
评价: 6
6
评价: 8
8
评价: 39
39
评价: 6
6
评价: 19
19
评价: 72
72
评价: 8
8
评价: 6
6
评价: 4
4
评价: 6
6
评价: 9
9
评价: 3
3
评价: 19
19
评价: 7
7
评价: 49
49
评价: 11
11
评价: 7
7
评价: 44
44
评价: 9
9
评价: 4
4
评价: 25
25
评价: 2
2
评价: 5
5
评价: 0
0
pageStart
loadJs end
pageStart
loadJs end
61
61
8
8
7
7
0
0
2
2
0
0
pageStart
loadJs end
pageStart
loadJs end
评价: 1148
1148
评价: 1279
1279
评价: 717
717
评价: 819
819
评价: 95
95
评价: 144
144
评价: 59
59
评价: 168
168
评价: 279
279
评价: 26
26
评价: 88
88
评价: 37
37
评价: 87
87
评价: 76
76
评价: 142
142
评价: 77
77
评价: 77
77
评价: 59
59
评价: 25
25
评价: 77
77
评价: 175
175
评价: 13
13
评价: 30
30
评价: 5
5
评价: 18
18
评价: 47
47
评价: 35
35
评价: 84
84
评价: 30
30
评价: 18
18
评价: 5
5
评价: 22
22
评价: 32
32
评价: 10
10
评价: 20
20
评价: 23
23
评价: 1
1
评价: 17
17
评价: 0
0
评价: 5
5
评价: 1
1
评价: 1
1
评价: 0
0
评价: 1
1
评价: 1
1
评价: 4
4
评价: 8
8
评价: 0
0
评价: 0
0
评价: 0
0
评价: 0
0
评价: 3
3
评价: 14
14
评价: 0
0
评价: 5
5
评价: 0
0
评价: 9
9
评价: 0
0
评价: 0
0
评价: 2
2
pageStart
loadJs end
评价: 0
0
pageStart
loadJs end
pageStart
loadJs end
undefined
undefined
undefined
undefined
undefined
undefined
undefined
undefined
undefined
undefined
undefined
undefined
undefined
undefined
undefined
undefined
undefined
undefined
undefined
undefined
undefined
undefined
undefined
undefined
undefined
undefined
undefined
undefined
undefined
undefined
undefined
undefined
undefined
undefined
undefined
undefined
undefined
undefined
undefined
undefined
undefined
undefined
undefined
undefined
undefined
undefined
undefined
undefined
undefined
undefined
undefined
undefined
undefined
undefined
undefined
undefined
undefined
undefined
undefined
undefined
undefined
undefined
undefined
undefined
undefined
undefined
undefined
undefined
undefined
undefined
undefined
undefined
undefined
undefined
undefined
undefined
undefined
undefined
undefined
undefined
undefined
undefined
undefined
undefined
undefined
undefined
undefined
undefined
undefined
undefined
undefined
undefined
undefined
undefined
undefined
undefined
undefined
undefined
undefined
undefined
undefined
undefined
undefined
undefined
undefined
undefined
undefined
undefined
undefined
undefined
undefined
undefined
undefined
undefined
undefined
undefined
undefined
undefined
undefined
undefined
pageStart
loadJs end
undefined
undefined
pageStart
loadJs end
pageStart
loadJs end
评价: 1158
1158
评价: 769
769
评价: 604
604
评价: 1136
1136
评价: 594
594
评价: 455
455
评价: 430
430
评价: 507
507
评价: 362
362
评价: 246
246
评价: 104
104
评价: 177
177
评价: 83
83
评价: 98
98
评价: 71
71
评价: 200
200
评价: 65
65
评价: 42
42
评价: 54
54
评价: 153
153
评价: 127
127
评价: 114
114
评价: 119
119
评价: 47
47
评价: 166
166
评价: 82
82
评价: 74
74
评价: 127
127
评价: 64
64
评价: 46
46
评价: 48
48
评价: 77
77
评价: 31
31
评价: 52
52
评价: 118
118
评价: 48
48
评价: 50
50
评价: 51
51
评价: 65
65
评价: 33
33
评价: 17
17
评价: 18
18
评价: 4
4
评价: 28
28
评价: 42
42
评价: 39
39
评价: 4
4
评价: 59
59
评价: 55
55
评价: 22
22
评价: 66
66
评价: 18
18
评价: 19
19
评价: 24
24
评价: 0
0
评价: 25
25
评价: 33
33
评价: 8
8
评价: 20
20
评价: 21
21
pageStart
loadJs end
评价: 1
1
评价: 1
1
评价: 4
4
评价: 0
0
评价: 8
8
评价: 1
1
评价: 4
4
评价: 0
0
评价: 10
10
评价: 0
0
评价: 2
2
评价: 2
2
评价: 1
1
评价: 6
6
评价: 13
13
评价: 1
1
评价: 16
16
pageStart
loadJs end
pageStart
loadJs end
评价: 18304
18304
评价: 6278
6278
评价: 5740
5740
评价: 4242
4242
评价: 23263
23263
评价: 915
915
评价: 1434
1434
评价: 1227
1227
评价: 1720
1720
评价: 1930
1930
评价: 1225
1225
评价: 1559
1559
评价: 523
523
评价: 406
406
评价: 1745
1745
评价: 1231
1231
评价: 790
790
评价: 854
854
评价: 454
454
评价: 265
265
评价: 321
321
评价: 1038
1038
评价: 634
634
评价: 0
0
评价: 279
279
评价: 505
505
评价: 1147
1147
评价: 482
482
评价: 396
396
评价: 261
261
评价: 275
275
评价: 148
148
评价: 123
123
评价: 200
200
评价: 89
89
评价: 341
341
评价: 98
98
评价: 294
294
pageStart
loadJs end
pageStart
loadJs end
评价: 1916
1916
评价: 223
223
评价: 252
252
评价: 183
183
评价: 133
133
评价: 223
223
评价: 102
102
评价: 61
61
评价: 114
114
评价: 122
122
评价: 61
61
评价: 61
61
评价: 17
17
评价: 39
39
评价: 43
43
评价: 39
39
评价: 74
74
评价: 0
0
评价: 49
49
评价: 2
2
评价: 29
29
评价: 32
32
评价: 19
19
评价: 3
3
评价: 17
17
评价: 17
17
评价: 22
22
评价: 13
13
评价: 19
19
评价: 12
12
评价: 72
72
评价: 10
10
评价: 16
16
评价: 7
7
评价: 9
9
评价: 2
2
评价: 3
3
评价: 12
12
评价: 15
15
评价: 9
9
评价: 20
20
评价: 11
11
评价: 1
1
评价: 9
9
评价: 25
25
评价: 5
5
评价: 16
16
评价: 39
39
评价: 4
4
评价: 10
10
评价: 19
19
评价: 13
13
评价: 21
21
评价: 9
9
评价: 6
6
评价: 1
1
评价: 44
44
评价: 3
3
评价: 9
9
评价: 6
6
pageStart
loadJs end
评价: 11
11
评价: 3
3
评价: 19
19
评价: 5
5
评价: 0
0
评价: 0
0
评价: 6
6
评价: 19
19
评价: 11
11
评价: 6
6
评价: 11
11
评价: 23
23
评价: 2
2
评价: 9
9
评价: 1
1
评价: 5
5
评价: 15
15
评价: 1
1
评价: 24
24
评价: 10
10
评价: 10
10
评价: 7
7
评价: 6
6
评价: 8
8
评价: 63
63
评价: 2
2
评价: 0
0
评价: 20
20
评价: 12
12
评价: 5
5
评价: 0
0
评价: 0
0
评价: 4
4
评价: 8
8
评价: 3
3
评价: 6
6
评价: 10
10
评价: 4
4
评价: 8
8
评价: 0
0
评价: 7
7
评价: 0
0
pageStart
loadJs end
pageStart
loadJs end
61
61
8
8
7
7
0
0
2
2
0
0
pageStart
loadJs end
pageStart
loadJs end
评价: 1157
1157
评价: 1281
1281
评价: 716
716
评价: 821
821
评价: 98
98
评价: 143
143
评价: 59
59
评价: 169
169
评价: 277
277
评价: 26
26
评价: 37
37
评价: 89
89
评价: 87
87
评价: 77
77
评价: 78
78
评价: 140
140
评价: 77
77
评价: 59
59
评价: 77
77
评价: 175
175
评价: 13
13
评价: 25
25
评价: 31
31
评价: 18
18
评价: 35
35
评价: 47
47
评价: 5
5
评价: 84
84
评价: 30
30
评价: 18
18
评价: 32
32
评价: 5
5
评价: 22
22
评价: 10
10
评价: 20
20
评价: 5
5
评价: 17
17
评价: 0
0
评价: 23
23
评价: 1
1
评价: 1
1
评价: 1
1
评价: 0
0
评价: 1
1
评价: 1
1
评价: 8
8
评价: 4
4
评价: 0
0
评价: 0
0
评价: 0
0
评价: 0
0
评价: 3
3
评价: 14
14
评价: 9
9
评价: 0
0
评价: 5
5
评价: 0
0
评价: 0
0
评价: 0
0
评价: 2
2
pageStart
loadJs end
评价: 0
0
pageStart
loadJs end
pageStart
loadJs end
undefined
undefined
undefined
undefined
undefined
undefined
undefined
undefined
undefined
undefined
undefined
undefined
undefined
undefined
undefined
undefined
undefined
undefined
undefined
undefined
undefined
undefined
undefined
undefined
undefined
undefined
undefined
undefined
undefined
undefined
undefined
undefined
undefined
undefined
undefined
undefined
undefined
undefined
undefined
undefined
undefined
undefined
undefined
undefined
undefined
undefined
undefined
undefined
undefined
undefined
undefined
undefined
undefined
undefined
undefined
undefined
undefined
undefined
undefined
undefined
undefined
undefined
undefined
undefined
undefined
undefined
undefined
undefined
undefined
undefined
undefined
undefined
undefined
undefined
undefined
undefined
undefined
undefined
undefined
undefined
undefined
undefined
undefined
undefined
undefined
undefined
undefined
undefined
undefined
undefined
undefined
undefined
undefined
undefined
undefined
undefined
undefined
undefined
undefined
undefined
undefined
undefined
undefined
undefined
undefined
undefined
undefined
undefined
undefined
undefined
undefined
undefined
undefined
undefined
undefined
undefined
undefined
undefined
undefined
undefined
pageStart
loadJs end
undefined
undefined
pageStart
loadJs end
pageStart
loadJs end
评价: 1152
1152
评价: 613
613
评价: 765
765
评价: 1138
1138
评价: 596
596
评价: 456
456
评价: 434
434
评价: 506
506
评价: 356
356
评价: 240
240
评价: 104
104
评价: 83
83
评价: 177
177
评价: 99
99
评价: 71
71
评价: 54
54
评价: 65
65
评价: 83
83
评价: 198
198
评价: 153
153
评价: 124
124
评价: 43
43
评价: 166
166
评价: 119
119
评价: 49
49
评价: 114
114
评价: 64
64
评价: 74
74
评价: 52
52
评价: 127
127
评价: 30
30
评价: 77
77
评价: 46
46
评价: 48
48
评价: 118
118
评价: 51
51
评价: 65
65
评价: 48
48
评价: 50
50
评价: 4
4
评价: 34
34
评价: 18
18
评价: 4
4
评价: 17
17
评价: 25
25
评价: 28
28
评价: 42
42
评价: 39
39
评价: 18
18
评价: 59
59
评价: 55
55
评价: 66
66
评价: 19
19
评价: 24
24
评价: 0
0
评价: 33
33
评价: 8
8
评价: 20
20
评价: 22
22
评价: 21
21
pageStart
loadJs end
评价: 1
1
评价: 4
4
评价: 1
1
评价: 8
8
评价: 1
1
评价: 0
0
评价: 4
4
评价: 10
10
评价: 0
0
评价: 0
0
评价: 13
13
评价: 2
2
评价: 1
1
评价: 6
6
评价: 2
2
评价: 16
16
评价: 1
1
pageStart
loadJs end
pageStart
loadJs end
评价: 18294
18294
评价: 6305
6305
评价: 5746
5746
评价: 4243
4243
评价: 23169
23169
评价: 927
927
评价: 1435
1435
评价: 1228
1228
评价: 1714
1714
评价: 1930
1930
评价: 1220
1220
评价: 1564
1564
评价: 407
407
评价: 1229
1229
评价: 510
510
评价: 1747
1747
评价: 779
779
评价: 836
836
评价: 457
457
评价: 1038
1038
评价: 267
267
评价: 634
634
评价: 322
322
评价: 2
2
评价: 1147
1147
评价: 279
279
评价: 482
482
评价: 396
396
评价: 505
505
评价: 138
138
评价: 275
275
评价: 261
261
评价: 123
123
评价: 341
341
评价: 200
200
评价: 89
89
评价: 98
98
评价: 294
294
pageStart
loadJs end
pageStart
loadJs end
评价: 1930
1930
评价: 224
224
评价: 250
250
评价: 184
184
评价: 133
133
评价: 224
224
评价: 102
102
评价: 61
61
评价: 120
120
评价: 114
114
评价: 61
61
评价: 39
39
评价: 61
61
评价: 43
43
评价: 39
39
评价: 17
17
评价: 0
0
评价: 74
74
评价: 49
49
评价: 17
17
评价: 29
29
评价: 18
18
评价: 3
3
评价: 3
3
评价: 12
12
评价: 13
13
评价: 32
32
评价: 19
19
评价: 71
71
评价: 19
19
评价: 22
22
评价: 7
7
评价: 10
10
评价: 10
10
评价: 3
3
评价: 15
15
评价: 12
12
评价: 20
20
评价: 2
2
评价: 11
11
评价: 16
16
评价: 9
9
评价: 25
25
评价: 16
16
评价: 39
39
评价: 9
9
评价: 4
4
评价: 10
10
评价: 21
21
评价: 5
5
评价: 13
13
评价: 19
19
评价: 6
6
评价: 1
1
评价: 44
44
评价: 9
9
评价: 3
3
评价: 11
11
评价: 9
9
评价: 6
6
pageStart
loadJs end
评价: 5
5
评价: 19
19
评价: 6
6
评价: 19
19
评价: 11
11
评价: 1
1
评价: 23
23
评价: 1
1
评价: 9
9
评价: 5
5
评价: 2
2
评价: 15
15
评价: 11
11
评价: 1
1
评价: 0
0
评价: 10
10
评价: 10
10
评价: 7
7
评价: 3
3
评价: 6
6
评价: 24
24
评价: 8
8
评价: 63
63
评价: 2
2
评价: 20
20
评价: 12
12
评价: 5
5
评价: 0
0
评价: 6
6
评价: 0
0
评价: 0
0
评价: 4
4
评价: 3
3
评价: 8
8
评价: 6
6
评价: 10
10
评价: 4
4
评价: 8
8
评价: 0
0
评价: 0
0
评价: 7
7
评价: 0
0
pageStart
loadJs end
pageStart
loadJs end
66
66
8
8
7
7
0
0
2
2
0
0
pageStart
loadJs end
pageStart
loadJs end
评价: 1157
1157
评价: 1281
1281
评价: 716
716
评价: 821
821
评价: 98
98
评价: 143
143
评价: 59
59
评价: 169
169
评价: 277
277
评价: 26
26
评价: 37
37
评价: 89
89
评价: 87
87
评价: 77
77
评价: 78
78
评价: 140
140
评价: 77
77
评价: 59
59
评价: 77
77
评价: 175
175
评价: 13
13
评价: 25
25
评价: 31
31
评价: 18
18
评价: 35
35
评价: 47
47
评价: 5
5
评价: 84
84
评价: 30
30
评价: 18
18
评价: 32
32
评价: 5
5
评价: 22
22
评价: 10
10
评价: 20
20
评价: 5
5
评价: 17
17
评价: 0
0
评价: 23
23
评价: 1
1
评价: 1
1
评价: 1
1
评价: 0
0
评价: 1
1
评价: 1
1
评价: 8
8
评价: 4
4
评价: 0
0
评价: 0
0
评价: 0
0
评价: 0
0
评价: 3
3
评价: 14
14
评价: 9
9
评价: 0
0
评价: 5
5
评价: 0
0
评价: 0
0
评价: 0
0
评价: 2
2
pageStart
loadJs end
评价: 0
0
pageStart
loadJs end
pageStart
loadJs end
undefined
undefined
undefined
undefined
undefined
undefined
undefined
undefined
undefined
undefined
undefined
undefined
undefined
undefined
undefined
undefined
undefined
undefined
undefined
undefined
undefined
undefined
undefined
undefined
undefined
undefined
undefined
undefined
undefined
undefined
undefined
undefined
undefined
undefined
undefined
undefined
undefined
undefined
undefined
undefined
undefined
undefined
undefined
undefined
undefined
undefined
undefined
undefined
undefined
undefined
undefined
undefined
undefined
undefined
undefined
undefined
undefined
undefined
undefined
undefined
undefined
undefined
undefined
undefined
undefined
undefined
undefined
undefined
undefined
undefined
undefined
undefined
undefined
undefined
undefined
undefined
undefined
undefined
undefined
undefined
undefined
undefined
undefined
undefined
undefined
undefined
undefined
undefined
undefined
undefined
undefined
undefined
undefined
undefined
undefined
undefined
undefined
undefined
undefined
undefined
undefined
undefined
undefined
undefined
undefined
undefined
undefined
undefined
undefined
undefined
undefined
undefined
undefined
undefined
undefined
undefined
undefined
undefined
undefined
undefined
pageStart
loadJs end
undefined
undefined
pageStart
loadJs end
pageStart
loadJs end
评价: 1152
1152
评价: 613
613
评价: 765
765
评价: 1138
1138
评价: 596
596
评价: 456
456
评价: 434
434
评价: 506
506
评价: 356
356
评价: 240
240
评价: 104
104
评价: 83
83
评价: 177
177
评价: 99
99
评价: 71
71
评价: 54
54
评价: 65
65
评价: 83
83
评价: 198
198
评价: 153
153
评价: 124
124
评价: 43
43
评价: 166
166
评价: 119
119
评价: 49
49
评价: 114
114
评价: 64
64
评价: 74
74
评价: 52
52
评价: 127
127
评价: 30
30
评价: 77
77
评价: 46
46
评价: 48
48
评价: 118
118
评价: 51
51
评价: 65
65
评价: 48
48
评价: 50
50
评价: 4
4
评价: 34
34
评价: 18
18
评价: 4
4
评价: 17
17
评价: 25
25
评价: 28
28
评价: 42
42
评价: 39
39
评价: 18
18
评价: 59
59
评价: 55
55
评价: 66
66
评价: 19
19
评价: 24
24
评价: 0
0
评价: 33
33
评价: 8
8
评价: 20
20
评价: 22
22
评价: 21
21
pageStart
loadJs end
评价: 1
1
评价: 4
4
评价: 1
1
评价: 8
8
评价: 1
1
评价: 0
0
评价: 4
4
评价: 10
10
评价: 0
0
评价: 0
0
评价: 13
13
评价: 2
2
评价: 1
1
评价: 6
6
评价: 2
2
评价: 16
16
评价: 1
1
pageStart
loadJs end
pageStart
loadJs end
评价: 18294
18294
评价: 6305
6305
评价: 5746
5746
评价: 4243
4243
评价: 23169
23169
评价: 927
927
评价: 1435
1435
评价: 1228
1228
评价: 1714
1714
评价: 1930
1930
评价: 1220
1220
评价: 1564
1564
评价: 407
407
评价: 1229
1229
评价: 510
510
评价: 1747
1747
评价: 779
779
评价: 836
836
评价: 457
457
评价: 1038
1038
评价: 267
267
评价: 634
634
评价: 322
322
评价: 2
2
评价: 1147
1147
评价: 279
279
评价: 482
482
评价: 396
396
评价: 505
505
评价: 138
138
评价: 275
275
评价: 261
261
评价: 123
123
评价: 341
341
评价: 200
200
评价: 89
89
评价: 98
98
评价: 294
294
pageStart
loadJs end
pageStart
loadJs end
评价: 1930
1930
评价: 224
224
评价: 250
250
评价: 184
184
评价: 133
133
评价: 224
224
评价: 102
102
评价: 61
61
评价: 120
120
评价: 114
114
评价: 61
61
评价: 39
39
评价: 61
61
评价: 43
43
评价: 39
39
评价: 17
17
评价: 0
0
评价: 74
74
评价: 49
49
评价: 17
17
评价: 29
29
评价: 18
18
评价: 3
3
评价: 3
3
评价: 12
12
评价: 13
13
评价: 32
32
评价: 19
19
评价: 71
71
评价: 19
19
评价: 22
22
评价: 7
7
评价: 10
10
评价: 10
10
评价: 3
3
评价: 15
15
评价: 12
12
评价: 20
20
评价: 2
2
评价: 11
11
评价: 16
16
评价: 9
9
评价: 25
25
评价: 16
16
评价: 39
39
评价: 9
9
评价: 4
4
评价: 10
10
评价: 21
21
评价: 5
5
评价: 13
13
评价: 19
19
评价: 6
6
评价: 1
1
评价: 44
44
评价: 9
9
评价: 3
3
评价: 11
11
评价: 9
9
评价: 6
6
pageStart
loadJs end
评价: 5
5
评价: 19
19
评价: 6
6
评价: 19
19
评价: 11
11
评价: 1
1
评价: 23
23
评价: 1
1
评价: 9
9
评价: 5
5
评价: 2
2
评价: 15
15
评价: 11
11
评价: 1
1
评价: 0
0
评价: 10
10
评价: 10
10
评价: 7
7
评价: 3
3
评价: 6
6
评价: 24
24
评价: 8
8
评价: 63
63
评价: 2
2
评价: 20
20
评价: 12
12
评价: 5
5
评价: 0
0
评价: 6
6
评价: 0
0
评价: 0
0
评价: 4
4
评价: 8
8
评价: 6
6
评价: 10
10
评价: 4
4
评价: 8
8
评价: 0
0
评价: 0
0
评价: 7
7
评价: 0
0
pageStart
loadJs end
pageStart
loadJs end
66
66
8
8
7
7
0
0
2
2
0
0
pageStart
loadJs end
66
66
8
8
7
7
0
0
2
2
0
0
pageStart
loadJs end
pageStart
loadJs end
评价: 1162
1162
评价: 1279
1279
评价: 715
715
评价: 821
821
评价: 143
143
评价: 38
38
评价: 169
169
评价: 90
90
评价: 79
79
评价: 87
87
评价: 79
79
评价: 140
140
评价: 77
77
评价: 59
59
评价: 25
25
评价: 77
77
评价: 173
173
评价: 31
31
评价: 13
13
评价: 6
6
评价: 36
36
评价: 47
47
评价: 84
84
评价: 19
19
评价: 30
30
评价: 18
18
评价: 32
32
评价: 5
5
评价: 22
22
评价: 0
0
评价: 10
10
评价: 5
5
评价: 23
23
评价: 17
17
评价: 20
20
评价: 1
1
评价: 1
1
评价: 1
1
评价: 0
0
评价: 1
1
评价: 0
0
评价: 1
1
评价: 8
8
评价: 4
4
评价: 0
0
评价: 0
0
评价: 0
0
评价: 3
3
评价: 14
14
评价: 0
0
评价: 9
9
评价: 5
5
评价: 0
0
评价: 0
0
评价: 0
0
评价: 2
2
评价: 0
0
pageStart
loadJs end
pageStart
loadJs end
undefined
undefined
undefined
undefined
undefined
undefined
undefined
undefined
undefined
undefined
undefined
undefined
undefined
undefined
undefined
undefined
undefined
undefined
undefined
undefined
undefined
undefined
undefined
undefined
undefined
undefined
undefined
undefined
undefined
undefined
undefined
undefined
undefined
undefined
undefined
undefined
undefined
undefined
undefined
undefined
undefined
undefined
undefined
undefined
undefined
undefined
undefined
undefined
undefined
undefined
undefined
undefined
undefined
undefined
undefined
undefined
undefined
undefined
undefined
undefined
undefined
undefined
undefined
undefined
undefined
undefined
undefined
undefined
undefined
undefined
undefined
undefined
undefined
undefined
undefined
undefined
undefined
undefined
undefined
undefined
undefined
undefined
undefined
undefined
undefined
undefined
undefined
undefined
undefined
undefined
undefined
undefined
undefined
undefined
undefined
undefined
undefined
undefined
undefined
undefined
undefined
undefined
undefined
undefined
undefined
undefined
undefined
undefined
undefined
undefined
undefined
undefined
undefined
undefined
undefined
undefined
undefined
undefined
undefined
undefined
pageStart
loadJs end
undefined
undefined
pageStart
loadJs end
pageStart
loadJs end
评价: 1153
1153
评价: 615
615
评价: 765
765
评价: 1139
1139
评价: 598
598
评价: 456
456
评价: 445
445
评价: 508
508
评价: 358
358
评价: 240
240
评价: 105
105
评价: 84
84
评价: 99
99
评价: 176
176
评价: 153
153
评价: 71
71
评价: 54
54
评价: 65
65
评价: 198
198
评价: 167
167
评价: 125
125
评价: 83
83
评价: 43
43
评价: 119
119
评价: 114
114
评价: 49
49
评价: 30
30
评价: 64
64
评价: 46
46
评价: 127
127
评价: 52
52
评价: 74
74
评价: 75
75
评价: 48
48
评价: 65
65
评价: 51
51
评价: 118
118
评价: 50
50
评价: 48
48
评价: 25
25
评价: 5
5
评价: 39
39
评价: 34
34
评价: 5
5
评价: 17
17
评价: 28
28
评价: 18
18
评价: 42
42
评价: 18
18
评价: 59
59
评价: 55
55
评价: 33
33
评价: 66
66
评价: 19
19
评价: 0
0
评价: 24
24
评价: 8
8
评价: 20
20
评价: 1
1
评价: 22
22
pageStart
loadJs end
评价: 21
21
评价: 4
4
评价: 1
1
评价: 1
1
评价: 8
8
评价: 0
0
评价: 4
4
评价: 0
0
评价: 1
1
评价: 2
2
评价: 10
10
评价: 0
0
评价: 13
13
评价: 6
6
评价: 2
2
评价: 16
16
评价: 1
1
pageStart
loadJs end
pageStart
loadJs end
评价: 18278
18278
评价: 6286
6286
评价: 5731
5731
评价: 4219
4219
评价: 23233
23233
评价: 932
932
评价: 1437
1437
评价: 1226
1226
评价: 1711
1711
评价: 1915
1915
评价: 1213
1213
评价: 1571
1571
评价: 1226
1226
评价: 407
407
评价: 504
504
评价: 1747
1747
评价: 1027
1027
评价: 777
777
评价: 834
834
评价: 457
457
评价: 268
268
评价: 634
634
评价: 324
324
评价: 4
4
评价: 505
505
评价: 396
396
评价: 482
482
评价: 282
282
评价: 1097
1097
评价: 252
252
评价: 138
138
评价: 261
261
评价: 341
341
评价: 123
123
评价: 200
200
评价: 98
98
评价: 89
89
评价: 294
294
评价: 0
0
评价: 44
44
pageStart
loadJs end
pageStart
loadJs end
评价: 1945
1945
评价: 224
224
评价: 252
252
评价: 133
133
评价: 184
184
评价: 225
225
评价: 103
103
评价: 62
62
评价: 114
114
评价: 120
120
评价: 62
62
评价: 61
61
评价: 17
17
评价: 39
39
评价: 0
0
评价: 39
39
评价: 49
49
评价: 17
17
评价: 12
12
评价: 3
3
评价: 29
29
评价: 18
18
评价: 22
22
评价: 74
74
评价: 43
43
评价: 19
19
评价: 71
71
评价: 19
19
评价: 31
31
评价: 4
4
评价: 13
13
评价: 39
39
评价: 8
8
评价: 11
11
评价: 3
3
评价: 15
15
评价: 12
12
评价: 20
20
评价: 10
10
评价: 10
10
评价: 21
21
评价: 2
2
评价: 9
9
评价: 16
16
评价: 9
9
评价: 16
16
评价: 4
4
评价: 9
9
评价: 13
13
评价: 10
10
评价: 25
25
评价: 6
6
评价: 1
1
评价: 5
5
评价: 44
44
评价: 3
3
评价: 11
11
评价: 9
9
评价: 5
5
评价: 6
6
pageStart
loadJs end
评价: 3
3
评价: 19
19
评价: 6
6
评价: 19
19
评价: 11
11
评价: 6
6
评价: 0
0
评价: 1
1
评价: 1
1
评价: 9
9
评价: 5
5
评价: 2
2
评价: 16
16
评价: 0
0
评价: 11
11
评价: 23
23
评价: 10
10
评价: 7
7
评价: 10
10
评价: 24
24
评价: 6
6
评价: 1
1
评价: 15
15
评价: 8
8
评价: 2
2
评价: 63
63
评价: 12
12
评价: 20
20
评价: 5
5
评价: 0
0
评价: 8
8
评价: 0
0
评价: 0
0
评价: 4
4
评价: 6
6
评价: 10
10
评价: 4
4
评价: 8
8
评价: 0
0
评价: 0
0
评价: 7
7
pageStart
loadJs end
pageStart
loadJs end
74
74
8
8
7
7
0
0
2
2
0
0
pageStart
loadJs end
pageStart
loadJs end
74
74
8
8
7
7
0
0
2
2
0
0
pageStart
loadJs end
pageStart
loadJs end
评价: 1279
1279
评价: 1170
1170
评价: 715
715
评价: 820
820
评价: 143
143
评价: 39
39
评价: 167
167
评价: 90
90
评价: 80
80
评价: 79
79
评价: 26
26
评价: 87
87
评价: 77
77
评价: 140
140
评价: 58
58
评价: 173
173
评价: 77
77
评价: 31
31
评价: 13
13
评价: 6
6
评价: 20
20
评价: 36
36
评价: 84
84
评价: 47
47
评价: 30
30
评价: 18
18
评价: 32
32
评价: 6
6
评价: 1
1
评价: 23
23
评价: 22
22
评价: 0
0
评价: 10
10
评价: 5
5
评价: 17
17
评价: 1
1
评价: 1
1
评价: 20
20
评价: 1
1
评价: 0
0
评价: 1
1
评价: 1
1
评价: 0
0
评价: 4
4
评价: 0
0
评价: 0
0
评价: 3
3
评价: 14
14
评价: 0
0
评价: 9
9
评价: 5
5
评价: 0
0
评价: 0
0
评价: 0
0
评价: 2
2
评价: 8
8
评价: 0
0
pageStart
loadJs end
pageStart
loadJs end
undefined
undefined
undefined
undefined
undefined
undefined
undefined
undefined
undefined
undefined
undefined
undefined
undefined
undefined
undefined
undefined
undefined
undefined
undefined
undefined
undefined
undefined
undefined
undefined
undefined
undefined
undefined
undefined
undefined
undefined
undefined
undefined
undefined
undefined
undefined
undefined
undefined
undefined
undefined
undefined
undefined
undefined
undefined
undefined
undefined
undefined
undefined
undefined
undefined
undefined
undefined
undefined
undefined
undefined
undefined
undefined
undefined
undefined
undefined
undefined
undefined
undefined
undefined
undefined
undefined
undefined
undefined
undefined
undefined
undefined
undefined
undefined
undefined
undefined
undefined
undefined
undefined
undefined
undefined
undefined
undefined
undefined
undefined
undefined
undefined
undefined
undefined
undefined
undefined
undefined
undefined
undefined
undefined
undefined
undefined
undefined
undefined
undefined
undefined
undefined
undefined
undefined
undefined
undefined
undefined
undefined
undefined
undefined
undefined
undefined
undefined
undefined
undefined
undefined
undefined
undefined
undefined
undefined
undefined
undefined
pageStart
loadJs end
undefined
undefined
pageStart
loadJs end
pageStart
loadJs end
评价: 1153
1153
评价: 764
764
评价: 619
619
评价: 1143
1143
评价: 593
593
评价: 451
451
评价: 447
447
评价: 507
507
评价: 359
359
评价: 240
240
评价: 105
105
评价: 84
84
评价: 100
100
评价: 176
176
评价: 153
153
评价: 83
83
评价: 54
54
评价: 65
65
评价: 167
167
评价: 72
72
评价: 198
198
评价: 30
30
评价: 45
45
评价: 51
51
评价: 125
125
评价: 119
119
评价: 46
46
评价: 64
64
评价: 114
114
评价: 52
52
评价: 74
74
评价: 48
48
评价: 51
51
评价: 75
75
评价: 127
127
评价: 65
65
评价: 39
39
评价: 50
50
评价: 25
25
评价: 5
5
评价: 118
118
评价: 5
5
评价: 34
34
评价: 45
45
评价: 42
42
评价: 17
17
评价: 33
33
评价: 18
18
评价: 28
28
评价: 59
59
评价: 18
18
评价: 55
55
评价: 66
66
评价: 19
19
评价: 24
24
评价: 0
0
评价: 20
20
评价: 1
1
评价: 22
22
评价: 8
8
pageStart
loadJs end
评价: 21
21
评价: 4
4
评价: 1
1
评价: 8
8
评价: 1
1
评价: 0
0
评价: 4
4
评价: 0
0
评价: 1
1
评价: 2
2
评价: 0
0
评价: 13
13
评价: 6
6
评价: 2
2
评价: 16
16
评价: 10
10
评价: 1
1
pageStart
loadJs end
pageStart
loadJs end
评价: 18282
18282
评价: 6284
6284
评价: 5742
5742
评价: 4231
4231
评价: 22981
22981
评价: 1434
1434
评价: 934
934
评价: 1224
1224
评价: 1701
1701
评价: 1912
1912
评价: 1211
1211
评价: 1579
1579
评价: 1226
1226
评价: 407
407
评价: 500
500
评价: 1021
1021
评价: 780
780
评价: 1749
1749
评价: 818
818
评价: 457
457
评价: 627
627
评价: 270
270
评价: 324
324
评价: 5
5
评价: 396
396
评价: 503
503
评价: 1097
1097
评价: 482
482
评价: 283
283
评价: 252
252
评价: 122
122
评价: 138
138
评价: 200
200
评价: 261
261
评价: 341
341
评价: 62
62
评价: 294
294
评价: 89
89
评价: 0
0
评价: 44
44
pageStart
loadJs end
pageStart
loadJs end
评价: 1963
1963
评价: 223
223
评价: 135
135
评价: 251
251
评价: 227
227
评价: 184
184
评价: 104
104
评价: 62
62
评价: 114
114
评价: 121
121
评价: 63
63
评价: 62
62
评价: 17
17
评价: 49
49
评价: 0
0
评价: 12
12
评价: 39
39
评价: 22
22
评价: 39
39
评价: 18
18
评价: 18
18
评价: 20
20
评价: 3
3
评价: 29
29
评价: 19
19
评价: 71
71
评价: 39
39
评价: 11
11
评价: 74
74
评价: 31
31
评价: 13
13
评价: 4
4
评价: 9
9
评价: 43
43
评价: 8
8
评价: 2
2
评价: 3
3
评价: 15
15
评价: 21
21
评价: 12
12
评价: 20
20
评价: 10
10
评价: 10
10
评价: 25
25
评价: 16
16
评价: 6
6
评价: 9
9
评价: 16
16
评价: 13
13
评价: 4
4
评价: 10
10
评价: 5
5
评价: 3
3
评价: 6
6
评价: 44
44
评价: 9
9
评价: 11
11
评价: 6
6
评价: 9
9
评价: 5
5
pageStart
loadJs end
评价: 3
3
评价: 23
23
评价: 11
11
评价: 19
19
评价: 0
0
评价: 6
6
评价: 1
1
评价: 1
1
评价: 8
8
评价: 5
5
评价: 1
1
评价: 9
9
评价: 2
2
评价: 10
10
评价: 19
19
评价: 11
11
评价: 16
16
评价: 7
7
评价: 24
24
评价: 10
10
评价: 15
15
评价: 1
1
评价: 6
6
评价: 8
8
评价: 20
20
评价: 63
63
评价: 0
0
评价: 2
2
评价: 12
12
评价: 5
5
评价: 0
0
评价: 0
0
评价: 0
0
评价: 4
4
评价: 6
6
评价: 10
10
评价: 4
4
评价: 8
8
评价: 0
0
评价: 7
7
评价: 0
0
pageStart
loadJs end
pageStart
loadJs end
84
84
10
10
7
7
0
0
2
2
0
0
pageStart
loadJs end
pageStart
loadJs end
评价: 1175
1175
评价: 1281
1281
评价: 713
713
评价: 816
816
评价: 169
169
评价: 81
81
评价: 40
40
评价: 0
0
评价: 29
29
评价: 91
91
评价: 143
143
评价: 33
33
评价: 173
173
评价: 84
84
评价: 58
58
评价: 23
23
评价: 13
13
评价: 87
87
评价: 78
78
评价: 79
79
评价: 140
140
评价: 77
77
评价: 11
11
评价: 8
8
评价: 18
18
评价: 47
47
评价: 0
0
评价: 20
20
评价: 5
5
评价: 30
30
评价: 32
32
评价: 1
1
评价: 6
6
评价: 1
1
评价: 36
36
评价: 0
0
评价: 1
1
评价: 22
22
评价: 1
1
评价: 17
17
评价: 0
0
评价: 0
0
评价: 1
1
评价: 4
4
评价: 0
0
评价: 3
3
评价: 1
1
评价: 20
20
评价: 9
9
评价: 0
0
评价: 2
2
评价: 14
14
评价: 8
8
评价: 0
0
评价: 0
0
评价: 5
5
评价: 0
0
pageStart
loadJs end
pageStart
loadJs end
undefined
undefined
undefined
undefined
undefined
undefined
undefined
undefined
undefined
undefined
undefined
undefined
undefined
undefined
undefined
undefined
undefined
undefined
undefined
undefined
undefined
undefined
undefined
undefined
undefined
undefined
undefined
undefined
undefined
undefined
undefined
undefined
undefined
undefined
undefined
undefined
undefined
undefined
undefined
undefined
undefined
undefined
undefined
undefined
undefined
undefined
undefined
undefined
undefined
undefined
undefined
undefined
undefined
undefined
undefined
undefined
undefined
undefined
undefined
undefined
undefined
undefined
undefined
undefined
undefined
undefined
undefined
undefined
undefined
undefined
undefined
undefined
undefined
undefined
undefined
undefined
undefined
undefined
undefined
undefined
undefined
undefined
undefined
undefined
undefined
undefined
undefined
undefined
undefined
undefined
undefined
undefined
undefined
undefined
undefined
undefined
undefined
undefined
undefined
undefined
undefined
undefined
undefined
undefined
undefined
undefined
undefined
undefined
undefined
undefined
undefined
undefined
undefined
undefined
undefined
undefined
undefined
undefined
undefined
undefined
pageStart
loadJs end
undefined
undefined
pageStart
loadJs end
pageStart
loadJs end
评价: 621
621
评价: 1155
1155
评价: 766
766
评价: 592
592
评价: 449
449
评价: 1148
1148
评价: 512
512
评价: 449
449
评价: 362
362
评价: 240
240
评价: 119
119
评价: 176
176
评价: 106
106
评价: 127
127
评价: 198
198
评价: 124
124
评价: 168
168
评价: 85
85
评价: 52
52
评价: 45
45
评价: 118
118
评价: 65
65
评价: 39
39
评价: 49
49
评价: 34
34
评价: 46
46
评价: 5
5
评价: 54
54
评价: 153
153
评价: 103
103
评价: 17
17
评价: 83
83
评价: 64
64
评价: 20
20
评价: 51
51
评价: 75
75
评价: 30
30
评价: 65
65
评价: 59
59
评价: 74
74
评价: 50
50
评价: 114
114
评价: 72
72
评价: 52
52
评价: 33
33
评价: 5
5
评价: 13
13
评价: 8
8
评价: 45
45
评价: 16
16
评价: 21
21
评价: 0
0
评价: 42
42
评价: 4
4
评价: 55
55
评价: 18
18
评价: 28
28
评价: 0
0
评价: 2
2
评价: 18
18
pageStart
loadJs end
评价: 0
0
评价: 24
24
评价: 0
0
评价: 8
8
评价: 2
2
评价: 21
21
评价: 1
1
评价: 1
1
评价: 22
22
评价: 1
1
评价: 66
66
评价: 10
10
评价: 6
6
评价: 20
20
评价: 2
2
评价: 4
4
评价: 1
1
pageStart
loadJs end
pageStart
loadJs end
评价: 18198
18198
评价: 23024
23024
评价: 6274
6274
评价: 5729
5729
评价: 4223
4223
评价: 1592
1592
评价: 1435
1435
评价: 937
937
评价: 1699
1699
评价: 1219
1219
评价: 1905
1905
评价: 1224
1224
评价: 1203
1203
评价: 1022
1022
评价: 408
408
评价: 460
460
评价: 271
271
评价: 504
504
评价: 1752
1752
评价: 625
625
评价: 325
325
评价: 482
482
评价: 780
780
评价: 503
503
评价: 5
5
评价: 1097
1097
评价: 396
396
评价: 820
820
评价: 252
252
评价: 341
341
评价: 261
261
评价: 294
294
评价: 200
200
评价: 283
283
评价: 62
62
评价: 138
138
评价: 122
122
评价: 89
89
评价: 0
0
评价: 44
44
pageStart
loadJs end
pageStart
loadJs end
评价: 1969
1969
评价: 223
223
评价: 183
183
评价: 251
251
评价: 135
135
评价: 228
228
评价: 105
105
评价: 62
62
评价: 121
121
评价: 0
0
评价: 17
17
评价: 40
40
评价: 114
114
评价: 63
63
评价: 63
63
评价: 20
20
评价: 29
29
评价: 9
9
评价: 21
21
评价: 71
71
评价: 4
4
评价: 39
39
评价: 49
49
评价: 19
19
评价: 39
39
评价: 25
25
评价: 22
22
评价: 74
74
评价: 43
43
评价: 18
18
评价: 16
16
评价: 12
12
评价: 11
11
评价: 18
18
评价: 12
12
评价: 2
2
评价: 15
15
评价: 8
8
评价: 16
16
评价: 31
31
评价: 23
23
评价: 3
3
评价: 9
9
评价: 13
13
评价: 9
9
评价: 2
2
评价: 20
20
评价: 20
20
评价: 10
10
评价: 0
0
评价: 0
0
评价: 3
3
评价: 10
10
评价: 6
6
评价: 16
16
评价: 12
12
评价: 3
3
评价: 0
0
评价: 8
8
评价: 4
4
pageStart
loadJs end
评价: 24
24
评价: 10
10
评价: 0
0
评价: 0
0
评价: 5
5
评价: 10
10
评价: 63
63
评价: 1
1
评价: 15
15
评价: 0
0
评价: 13
13
评价: 6
6
评价: 0
0
评价: 10
10
评价: 11
11
评价: 9
9
评价: 12
12
评价: 44
44
评价: 19
19
评价: 9
9
评价: 1
1
评价: 10
10
评价: 11
11
评价: 6
6
评价: 5
5
评价: 2
2
评价: 1
1
评价: 8
8
评价: 6
6
评价: 10
10
评价: 1
1
评价: 5
5
评价: 6
6
评价: 3
3
评价: 5
5
评价: 6
6
评价: 8
8
评价: 7
7
评价: 7
7
评价: 4
4
评价: 4
4
pageStart
loadJs end
pageStart
loadJs end
86
86
10
10
7
7
0
0
2
2
0
0
pageStart
loadJs end
pageStart
loadJs end
评价: 1281
1281
评价: 1175
1175
评价: 713
713
评价: 816
816
评价: 143
143
评价: 169
169
评价: 91
91
评价: 40
40
评价: 81
81
评价: 78
78
评价: 79
79
评价: 29
29
评价: 140
140
评价: 87
87
评价: 58
58
评价: 173
173
评价: 33
33
评价: 77
77
评价: 13
13
评价: 8
8
评价: 20
20
评价: 36
36
评价: 84
84
评价: 47
47
评价: 32
32
评价: 18
18
评价: 23
23
评价: 11
11
评价: 6
6
评价: 30
30
评价: 5
5
评价: 0
0
评价: 1
1
评价: 22
22
评价: 0
0
评价: 17
17
评价: 20
20
评价: 1
1
评价: 1
1
评价: 1
1
评价: 1
1
评价: 1
1
评价: 4
4
评价: 0
0
评价: 0
0
评价: 0
0
评价: 3
3
评价: 14
14
评价: 0
0
评价: 9
9
评价: 5
5
评价: 0
0
评价: 0
0
评价: 0
0
评价: 8
8
评价: 2
2
评价: 0
0
pageStart
loadJs end
pageStart
loadJs end
undefined
undefined
undefined
undefined
undefined
undefined
undefined
undefined
undefined
undefined
undefined
undefined
undefined
undefined
undefined
undefined
undefined
undefined
undefined
undefined
undefined
undefined
undefined
undefined
undefined
undefined
undefined
undefined
undefined
undefined
undefined
undefined
undefined
undefined
undefined
undefined
undefined
undefined
undefined
undefined
undefined
undefined
undefined
undefined
undefined
undefined
undefined
undefined
undefined
undefined
undefined
undefined
undefined
undefined
undefined
undefined
undefined
undefined
undefined
undefined
undefined
undefined
undefined
undefined
undefined
undefined
undefined
undefined
undefined
undefined
undefined
undefined
undefined
undefined
undefined
undefined
undefined
undefined
undefined
undefined
undefined
undefined
undefined
undefined
undefined
undefined
undefined
undefined
undefined
undefined
undefined
undefined
undefined
undefined
undefined
undefined
undefined
undefined
undefined
undefined
undefined
undefined
undefined
undefined
undefined
undefined
undefined
undefined
undefined
undefined
undefined
undefined
undefined
undefined
undefined
undefined
undefined
undefined
undefined
undefined
pageStart
loadJs end
undefined
undefined
pageStart
loadJs end
pageStart
loadJs end
评价: 621
621
评价: 1155
1155
评价: 766
766
评价: 592
592
评价: 449
449
评价: 1148
1148
评价: 512
512
评价: 449
449
评价: 362
362
评价: 240
240
评价: 119
119
评价: 176
176
评价: 106
106
评价: 127
127
评价: 198
198
评价: 124
124
评价: 168
168
评价: 85
85
评价: 52
52
评价: 45
45
评价: 118
118
评价: 65
65
评价: 39
39
评价: 49
49
评价: 34
34
评价: 46
46
评价: 5
5
评价: 54
54
评价: 153
153
评价: 103
103
评价: 17
17
评价: 83
83
评价: 64
64
评价: 20
20
评价: 51
51
评价: 75
75
评价: 30
30
评价: 65
65
评价: 59
59
评价: 74
74
评价: 50
50
评价: 114
114
评价: 72
72
评价: 52
52
评价: 33
33
评价: 5
5
评价: 13
13
评价: 8
8
评价: 45
45
评价: 16
16
评价: 21
21
评价: 0
0
评价: 42
42
评价: 4
4
评价: 55
55
评价: 18
18
评价: 28
28
评价: 0
0
评价: 2
2
评价: 18
18
pageStart
loadJs end
评价: 0
0
评价: 24
24
评价: 0
0
评价: 8
8
评价: 2
2
评价: 21
21
评价: 1
1
评价: 1
1
评价: 22
22
评价: 1
1
评价: 66
66
评价: 10
10
评价: 6
6
评价: 20
20
评价: 2
2
评价: 4
4
评价: 1
1
pageStart
loadJs end
pageStart
loadJs end
评价: 18198
18198
评价: 23024
23024
评价: 6274
6274
评价: 5729
5729
评价: 4223
4223
评价: 1592
1592
评价: 1435
1435
评价: 937
937
评价: 1699
1699
评价: 1219
1219
评价: 1905
1905
评价: 1224
1224
评价: 1203
1203
评价: 1022
1022
评价: 408
408
评价: 460
460
评价: 271
271
评价: 504
504
评价: 1752
1752
评价: 625
625
评价: 325
325
评价: 482
482
评价: 780
780
评价: 503
503
评价: 5
5
评价: 1097
1097
评价: 396
396
评价: 820
820
评价: 252
252
评价: 341
341
评价: 261
261
评价: 294
294
评价: 200
200
评价: 283
283
评价: 62
62
评价: 138
138
评价: 122
122
评价: 89
89
评价: 0
0
评价: 44
44
pageStart
loadJs end
pageStart
loadJs end
评价: 1969
1969
评价: 223
223
评价: 183
183
评价: 251
251
评价: 135
135
评价: 228
228
评价: 105
105
评价: 62
62
评价: 121
121
评价: 0
0
评价: 17
17
评价: 40
40
评价: 114
114
评价: 63
63
评价: 63
63
评价: 20
20
评价: 29
29
评价: 9
9
评价: 21
21
评价: 71
71
评价: 4
4
评价: 39
39
评价: 49
49
评价: 19
19
评价: 39
39
评价: 25
25
评价: 22
22
评价: 74
74
评价: 43
43
评价: 18
18
评价: 16
16
评价: 12
12
评价: 11
11
评价: 18
18
评价: 12
12
评价: 2
2
评价: 15
15
评价: 8
8
评价: 16
16
评价: 31
31
评价: 23
23
评价: 3
3
评价: 9
9
评价: 13
13
评价: 9
9
评价: 2
2
评价: 20
20
评价: 20
20
评价: 10
10
评价: 0
0
评价: 0
0
评价: 3
3
评价: 10
10
评价: 6
6
评价: 16
16
评价: 12
12
评价: 3
3
评价: 0
0
评价: 8
8
评价: 4
4
pageStart
loadJs end
评价: 24
24
评价: 10
10
评价: 0
0
评价: 0
0
评价: 5
5
评价: 10
10
评价: 63
63
评价: 1
1
评价: 15
15
评价: 0
0
评价: 13
13
评价: 6
6
评价: 0
0
评价: 10
10
评价: 11
11
评价: 9
9
评价: 12
12
评价: 44
44
评价: 19
19
评价: 9
9
评价: 1
1
评价: 10
10
评价: 11
11
评价: 6
6
评价: 5
5
评价: 2
2
评价: 1
1
评价: 8
8
评价: 6
6
评价: 10
10
评价: 1
1
评价: 5
5
评价: 6
6
评价: 3
3
评价: 5
5
评价: 6
6
评价: 8
8
评价: 7
7
评价: 7
7
评价: 4
4
评价: 4
4
pageStart
loadJs end
pageStart
loadJs end
86
86
10
10
7
7
0
0
2
2
0
0
pageStart
loadJs end
